<?xml version="1.0" encoding="UTF-8"?>
<testsuite name="com.ohgiraffers.assertions.section02.assertj.AssertJTests" tests="1" skipped="0" failures="0" errors="0" timestamp="2023-06-30T02:10:58" hostname="LAPTOP-O91Q221D" time="0.045">
  <properties/>
  <testcase name="튜플로 추출하여 테스트하기&#x1f602;" classname="com.ohgiraffers.assertions.section02.assertj.AssertJTests" time="0.045"/>
  <system-out><![CDATA[]]></system-out>
  <system-err><![CDATA[]]></system-err>
</testsuite>
