<?xml version="1.0" encoding="UTF-8"?>
<testsuite name="com.ohgiraffers.parameterized.section01.params.ParameterizedTests" tests="2" skipped="0" failures="0" errors="0" timestamp="2023-11-15T03:51:59" hostname="LAPTOP-O91Q221D" time="0.027">
  <properties/>
  <testcase name="2014/09/18은 2014년 입니다." classname="com.ohgiraffers.parameterized.section01.params.ParameterizedTests" time="0.023"/>
  <testcase name="2021/10/13은 2021년 입니다." classname="com.ohgiraffers.parameterized.section01.params.ParameterizedTests" time="0.001"/>
  <system-out><![CDATA[]]></system-out>
  <system-err><![CDATA[]]></system-err>
</testsuite>
